2021-11-29 15:19:17,487	INFO -- main.py:17 -- Starting running
2021-11-29 15:31:26,918	INFO -- main.py:17 -- Starting running
2021-11-29 15:46:21,828	INFO -- main.py:17 -- Starting running
2021-11-29 15:46:48,773	INFO -- mouldMonitor.py:139 -- Adding 192.168.0.3 to list of DACs
2021-11-29 15:47:56,303	INFO -- main.py:17 -- Starting running
2021-11-29 15:48:08,515	INFO -- main.py:17 -- Starting running
2021-11-29 15:48:29,948	INFO -- main.py:17 -- Starting running
2021-11-29 15:50:19,547	INFO -- main.py:17 -- Starting running
2021-11-29 15:50:25,463	INFO -- mouldMonitor.py:139 -- Adding 192.168.0.4 to list of DACs
2021-11-29 15:52:26,289	INFO -- main.py:17 -- Starting running
2021-11-29 15:52:41,222	INFO -- mouldMonitor.py:140 -- Adding 192.168.0.5 to list of DACs
2021-11-29 15:53:07,584	INFO -- main.py:17 -- Starting running
2021-11-29 15:53:13,526	INFO -- mouldMonitor.py:140 -- Adding 192.168.0.4 to list of DACs
2021-11-29 15:54:19,713	INFO -- main.py:17 -- Starting running
2021-11-29 15:55:36,268	INFO -- main.py:17 -- Starting running
2021-11-29 15:56:08,282	INFO -- main.py:17 -- Starting running
2021-11-29 15:56:28,260	INFO -- main.py:17 -- Starting running
2021-11-29 15:57:49,763	INFO -- main.py:17 -- Starting running
2021-11-29 15:58:16,713	INFO -- mouldMonitor.py:141 -- Adding 192.168.0.5 to list of DACs
2021-11-29 15:58:27,082	INFO -- main.py:17 -- Starting running
2021-11-29 15:59:19,464	INFO -- main.py:17 -- Starting running
2021-11-29 17:22:00,663	INFO -- mouldMonitor.py:39 -- No IPs in list
2021-11-29 17:22:05,679	INFO -- mouldMonitor.py:39 -- No IPs in list
2021-11-29 17:22:10,691	INFO -- mouldMonitor.py:39 -- No IPs in list
2021-11-29 17:22:15,693	INFO -- mouldMonitor.py:39 -- No IPs in list
2021-11-29 17:22:20,705	INFO -- mouldMonitor.py:39 -- No IPs in list
2021-11-29 17:22:25,721	INFO -- mouldMonitor.py:39 -- No IPs in list
2021-11-29 17:22:30,729	INFO -- mouldMonitor.py:39 -- No IPs in list
2021-11-30 10:22:40,409	INFO -- mouldMonitor.py:39 -- No IPs in list
2021-11-30 10:22:45,411	INFO -- mouldMonitor.py:39 -- No IPs in list
2021-11-30 10:22:50,411	INFO -- mouldMonitor.py:39 -- No IPs in list
2021-11-30 10:22:55,498	INFO -- main.py:17 -- Starting running
2021-11-30 10:56:57,638	INFO -- main.py:17 -- Starting running
2021-11-30 12:01:39,718	INFO -- main.py:17 -- Starting running
2021-11-30 12:03:14,373	INFO -- main.py:17 -- Starting running
2021-11-30 12:04:01,365	INFO -- main.py:17 -- Starting running
2021-11-30 12:04:57,614	INFO -- main.py:17 -- Starting running
2021-11-30 12:35:31,743	INFO -- main.py:17 -- Starting running
2021-11-30 12:36:01,110	INFO -- main.py:17 -- Starting running
2021-11-30 12:36:49,800	INFO -- main.py:17 -- Starting running
2021-11-30 12:40:43,792	INFO -- main.py:17 -- Starting running
2021-11-30 12:48:08,759	INFO -- main.py:17 -- Starting running
2021-11-30 12:48:24,251	INFO -- main.py:17 -- Starting running
2021-11-30 12:48:44,571	INFO -- main.py:17 -- Starting running
2021-11-30 12:50:34,405	INFO -- main.py:17 -- Starting running
2021-11-30 12:51:25,091	INFO -- main.py:17 -- Starting running
2021-11-30 12:51:53,708	INFO -- main.py:17 -- Starting running
2021-11-30 12:53:21,587	INFO -- main.py:17 -- Starting running
2021-11-30 12:53:36,294	INFO -- main.py:17 -- Starting running
2021-11-30 12:53:39,354	INFO -- main.py:17 -- Starting running
2021-11-30 12:54:23,535	INFO -- main.py:17 -- Starting running
2021-11-30 12:56:33,476	INFO -- main.py:17 -- Starting running
2021-11-30 12:57:43,747	INFO -- main.py:17 -- Starting running
2021-11-30 13:00:18,919	INFO -- main.py:17 -- Starting running
2021-11-30 13:02:02,120	INFO -- main.py:17 -- Starting running
2021-11-30 13:04:24,622	INFO -- main.py:17 -- Starting running
2021-11-30 13:05:39,251	INFO -- main.py:17 -- Starting running
2021-11-30 13:05:53,393	INFO -- fpdf.py:2958 -- Substitution of '{nb}' was performed in the document
2021-11-30 13:06:02,657	INFO -- main.py:17 -- Starting running
2021-11-30 13:06:24,171	INFO -- fpdf.py:2958 -- Substitution of '{nb}' was performed in the document
2021-11-30 13:08:45,262	INFO -- main.py:17 -- Starting running
2021-11-30 13:08:49,714	INFO -- fpdf.py:2958 -- Substitution of '{nb}' was performed in the document
2021-11-30 13:10:11,620	INFO -- main.py:17 -- Starting running
2021-11-30 13:10:13,312	INFO -- fpdf.py:2958 -- Substitution of '{nb}' was performed in the document
2021-11-30 13:12:40,515	INFO -- main.py:17 -- Starting running
2021-11-30 13:12:45,585	INFO -- fpdf.py:2958 -- Substitution of '{nb}' was performed in the document
2021-11-30 13:17:03,142	INFO -- main.py:17 -- Starting running
2021-11-30 13:17:19,521	INFO -- dacClass.py:53 -- Reading log from mould logs/Temperature Log 29-11-21 dac_2.csv
2021-11-30 13:17:19,529	INFO -- mouldMonitor.py:140 -- Adding 192.168.0.2 to list of DACs
2021-11-30 13:17:29,379	INFO -- fpdf.py:2958 -- Substitution of '{nb}' was performed in the document
2021-11-30 13:17:50,585	INFO -- fpdf.py:2958 -- Substitution of '{nb}' was performed in the document
2021-11-30 13:19:56,756	INFO -- main.py:17 -- Starting running
2021-11-30 13:20:05,685	INFO -- mouldMonitor.py:140 -- Adding 192.168.0.2 to list of DACs
2021-11-30 13:20:10,119	INFO -- fpdf.py:2958 -- Substitution of '{nb}' was performed in the document
2021-11-30 13:21:20,299	INFO -- main.py:17 -- Starting running
2021-11-30 13:21:22,499	INFO -- fpdf.py:2958 -- Substitution of '{nb}' was performed in the document
2021-11-30 13:21:35,393	INFO -- main.py:17 -- Starting running
2021-11-30 13:21:38,462	INFO -- fpdf.py:2958 -- Substitution of '{nb}' was performed in the document
2021-11-30 13:21:41,446	INFO -- fpdf.py:2958 -- Substitution of '{nb}' was performed in the document
2021-11-30 14:05:42,385	INFO -- main.py:17 -- Starting running
2021-11-30 14:06:56,483	INFO -- main.py:17 -- Starting running
2021-11-30 14:08:58,617	INFO -- main.py:17 -- Starting running
2021-11-30 14:09:03,181	INFO -- fpdf.py:2958 -- Substitution of '{nb}' was performed in the document
2021-11-30 14:09:14,517	INFO -- fpdf.py:2958 -- Substitution of '{nb}' was performed in the document
2021-11-30 14:09:17,697	INFO -- fpdf.py:2958 -- Substitution of '{nb}' was performed in the document
2021-11-30 14:21:44,311	INFO -- main.py:17 -- Starting running
2021-11-30 14:25:12,177	INFO -- main.py:17 -- Starting running
2021-11-30 14:39:41,578	INFO -- main.py:22 -- Starting running
2021-11-30 14:40:13,001	INFO -- main.py:22 -- Starting running
2021-11-30 14:40:35,070	INFO -- main.py:22 -- Starting running
2021-11-30 14:41:04,101	INFO -- main.py:22 -- Starting running
2021-11-30 14:41:18,182	INFO -- main.py:22 -- Starting running
2021-11-30 14:42:28,191	INFO -- main.py:22 -- Starting running
2021-11-30 16:18:33,251	INFO -- main.py:22 -- Starting running
2021-11-30 16:22:24,337	INFO -- main.py:22 -- Starting running
2021-11-30 16:22:29,402	INFO -- main.py:22 -- Starting running
2021-11-30 16:23:49,387	INFO -- main.py:22 -- Starting running
2021-11-30 16:24:04,519	INFO -- main.py:22 -- Starting running
2021-11-30 16:39:01,206	INFO -- main.py:22 -- Starting running
2021-11-30 16:39:28,293	INFO -- main.py:22 -- Starting running
2021-11-30 16:39:30,484	INFO -- fpdf.py:2958 -- Substitution of '{nb}' was performed in the document
2021-11-30 16:40:26,060	INFO -- main.py:22 -- Starting running
2021-11-30 16:40:27,259	INFO -- fpdf.py:2958 -- Substitution of '{nb}' was performed in the document
2021-11-30 16:42:48,650	INFO -- main.py:22 -- Starting running
2021-11-30 16:43:06,110	INFO -- main.py:22 -- Starting running
2021-11-30 16:43:07,419	INFO -- fpdf.py:2958 -- Substitution of '{nb}' was performed in the document
2021-11-30 16:44:14,437	INFO -- main.py:22 -- Starting running
2021-11-30 16:44:16,000	INFO -- fpdf.py:2958 -- Substitution of '{nb}' was performed in the document
2021-11-30 16:46:47,020	INFO -- main.py:22 -- Starting running
2021-11-30 16:46:48,483	INFO -- fpdf.py:2958 -- Substitution of '{nb}' was performed in the document
2021-11-30 16:48:30,864	INFO -- main.py:22 -- Starting running
2021-11-30 16:48:32,340	INFO -- fpdf.py:2958 -- Substitution of '{nb}' was performed in the document
2021-11-30 16:48:57,171	INFO -- main.py:22 -- Starting running
2021-11-30 16:48:59,885	INFO -- fpdf.py:2958 -- Substitution of '{nb}' was performed in the document
2021-11-30 16:49:39,832	INFO -- main.py:22 -- Starting running
2021-11-30 16:49:41,659	INFO -- fpdf.py:2958 -- Substitution of '{nb}' was performed in the document
2021-11-30 16:49:56,040	INFO -- fpdf.py:2958 -- Substitution of '{nb}' was performed in the document
2021-11-30 16:50:13,048	INFO -- main.py:22 -- Starting running
2021-11-30 16:54:14,031	INFO -- main.py:22 -- Starting running
2021-11-30 16:54:16,076	INFO -- fpdf.py:2958 -- Substitution of '{nb}' was performed in the document
2021-11-30 16:55:20,695	INFO -- main.py:22 -- Starting running
2021-11-30 16:55:47,114	INFO -- main.py:22 -- Starting running
2021-11-30 16:56:01,541	INFO -- main.py:22 -- Starting running
2021-11-30 16:56:02,837	INFO -- fpdf.py:2958 -- Substitution of '{nb}' was performed in the document
2021-11-30 16:56:56,065	INFO -- main.py:22 -- Starting running
2021-11-30 16:56:57,284	INFO -- fpdf.py:2958 -- Substitution of '{nb}' was performed in the document
2021-11-30 17:04:06,120	INFO -- main.py:22 -- Starting running
2021-11-30 17:04:10,100	INFO -- fpdf.py:2958 -- Substitution of '{nb}' was performed in the document
2021-11-30 17:04:12,665	INFO -- fpdf.py:2958 -- Substitution of '{nb}' was performed in the document
2021-11-30 17:04:43,278	INFO -- main.py:22 -- Starting running
2021-11-30 17:04:44,607	INFO -- fpdf.py:2958 -- Substitution of '{nb}' was performed in the document
2021-11-30 17:04:47,420	INFO -- fpdf.py:2958 -- Substitution of '{nb}' was performed in the document
2021-11-30 17:04:58,750	INFO -- main.py:22 -- Starting running
2021-11-30 17:05:02,399	INFO -- fpdf.py:2958 -- Substitution of '{nb}' was performed in the document
2021-11-30 17:07:26,110	INFO -- main.py:22 -- Starting running
2021-11-30 17:09:22,479	INFO -- main.py:22 -- Starting running
2021-11-30 17:13:13,588	INFO -- main.py:22 -- Starting running
2021-11-30 17:13:15,274	INFO -- fpdf.py:2958 -- Substitution of '{nb}' was performed in the document
2021-11-30 17:13:17,604	INFO -- fpdf.py:2958 -- Substitution of '{nb}' was performed in the document
2021-11-30 17:14:28,563	INFO -- main.py:22 -- Starting running
2021-11-30 17:14:30,053	INFO -- fpdf.py:2958 -- Substitution of '{nb}' was performed in the document
2021-11-30 17:15:36,370	INFO -- main.py:22 -- Starting running
2021-11-30 17:15:38,374	INFO -- fpdf.py:2958 -- Substitution of '{nb}' was performed in the document
2021-11-30 17:15:55,878	INFO -- fpdf.py:2958 -- Substitution of '{nb}' was performed in the document
2021-11-30 17:16:58,661	INFO -- main.py:22 -- Starting running
2021-11-30 17:17:00,232	INFO -- fpdf.py:2958 -- Substitution of '{nb}' was performed in the document
2021-11-30 17:17:01,158	INFO -- fpdf.py:2958 -- Substitution of '{nb}' was performed in the document
2021-11-30 17:18:24,082	INFO -- main.py:22 -- Starting running
2021-11-30 17:18:25,433	INFO -- fpdf.py:2958 -- Substitution of '{nb}' was performed in the document
2021-11-30 17:31:38,529	INFO -- main.py:22 -- Starting running
2021-11-30 17:32:02,832	INFO -- main.py:22 -- Starting running
2021-11-30 17:32:07,751	INFO -- fpdf.py:2958 -- Substitution of '{nb}' was performed in the document
2021-11-30 17:33:15,013	INFO -- main.py:22 -- Starting running
2021-11-30 17:33:32,559	INFO -- main.py:22 -- Starting running
2021-11-30 17:33:35,645	INFO -- fpdf.py:2958 -- Substitution of '{nb}' was performed in the document
